[2025-04-16T03:55:35.581+0000] {processor.py:186} INFO - Started process (PID=612) to work on /opt/airflow/dags/HW8_Pinecone.py
[2025-04-16T03:55:35.597+0000] {processor.py:914} INFO - Processing file /opt/airflow/dags/HW8_Pinecone.py for tasks to queue
[2025-04-16T03:55:35.629+0000] {logging_mixin.py:190} INFO - [2025-04-16T03:55:35.626+0000] {dagbag.py:587} INFO - Filling up the DagBag from /opt/airflow/dags/HW8_Pinecone.py
[2025-04-16T03:56:21.731+0000] {logging_mixin.py:190} INFO - [2025-04-16T03:56:21.730+0000] {timeout.py:68} ERROR - Process timed out, PID: 612
[2025-04-16T03:56:52.293+0000] {processor.py:186} INFO - Started process (PID=649) to work on /opt/airflow/dags/HW8_Pinecone.py
[2025-04-16T03:56:52.309+0000] {processor.py:914} INFO - Processing file /opt/airflow/dags/HW8_Pinecone.py for tasks to queue
[2025-04-16T03:56:52.351+0000] {logging_mixin.py:190} INFO - [2025-04-16T03:56:52.347+0000] {dagbag.py:587} INFO - Filling up the DagBag from /opt/airflow/dags/HW8_Pinecone.py
[2025-04-16T03:57:22.516+0000] {logging_mixin.py:190} INFO - [2025-04-16T03:57:22.506+0000] {timeout.py:68} ERROR - Process timed out, PID: 649
[2025-04-16T03:57:53.075+0000] {processor.py:186} INFO - Started process (PID=669) to work on /opt/airflow/dags/HW8_Pinecone.py
[2025-04-16T03:57:53.082+0000] {processor.py:914} INFO - Processing file /opt/airflow/dags/HW8_Pinecone.py for tasks to queue
[2025-04-16T03:57:53.132+0000] {logging_mixin.py:190} INFO - [2025-04-16T03:57:53.123+0000] {dagbag.py:587} INFO - Filling up the DagBag from /opt/airflow/dags/HW8_Pinecone.py
[2025-04-16T03:58:23.306+0000] {logging_mixin.py:190} INFO - [2025-04-16T03:58:23.303+0000] {timeout.py:68} ERROR - Process timed out, PID: 669
[2025-04-16T03:58:55.062+0000] {processor.py:186} INFO - Started process (PID=694) to work on /opt/airflow/dags/HW8_Pinecone.py
[2025-04-16T03:58:55.067+0000] {processor.py:914} INFO - Processing file /opt/airflow/dags/HW8_Pinecone.py for tasks to queue
[2025-04-16T03:58:55.103+0000] {logging_mixin.py:190} INFO - [2025-04-16T03:58:55.100+0000] {dagbag.py:587} INFO - Filling up the DagBag from /opt/airflow/dags/HW8_Pinecone.py
[2025-04-16T03:59:26.487+0000] {logging_mixin.py:190} INFO - [2025-04-16T03:59:26.487+0000] {timeout.py:68} ERROR - Process timed out, PID: 694
[2025-04-16T03:59:32.078+0000] {logging_mixin.py:190} INFO - [2025-04-16T03:59:32.074+0000] {dagbag.py:386} ERROR - Failed to import: /opt/airflow/dags/HW8_Pinecone.py
Traceback (most recent call last):
  File "/home/airflow/.local/lib/python3.12/site-packages/airflow/models/dagbag.py", line 382, in parse
    loader.exec_module(new_module)
  File "<frozen importlib._bootstrap_external>", line 995, in exec_module
  File "<frozen importlib._bootstrap>", line 488, in _call_with_frames_removed
  File "/opt/airflow/dags/HW8_Pinecone.py", line 11, in <module>
    from pinecone import Pinecone, ServerlessSpec
  File "/home/airflow/.local/lib/python3.12/site-packages/pinecone/__init__.py", line 5, in <module>
    raise Exception(
Exception: The official Pinecone python package has been renamed from `pinecone-client` to `pinecone`. Please remove `pinecone-client` from your project dependencies and add `pinecone` instead. See the README at https://github.com/pinecone-io/pinecone-python-client for more information on using the python SDK.
[2025-04-16T03:59:32.081+0000] {processor.py:927} WARNING - No viable dags retrieved from /opt/airflow/dags/HW8_Pinecone.py
[2025-04-16T03:59:32.233+0000] {processor.py:208} INFO - Processing /opt/airflow/dags/HW8_Pinecone.py took 37.157 seconds
[2025-04-16T04:00:02.904+0000] {processor.py:186} INFO - Started process (PID=725) to work on /opt/airflow/dags/HW8_Pinecone.py
[2025-04-16T04:00:02.906+0000] {processor.py:914} INFO - Processing file /opt/airflow/dags/HW8_Pinecone.py for tasks to queue
[2025-04-16T04:00:02.919+0000] {logging_mixin.py:190} INFO - [2025-04-16T04:00:02.918+0000] {dagbag.py:587} INFO - Filling up the DagBag from /opt/airflow/dags/HW8_Pinecone.py
[2025-04-16T04:00:12.809+0000] {logging_mixin.py:190} INFO - [2025-04-16T04:00:12.806+0000] {dagbag.py:386} ERROR - Failed to import: /opt/airflow/dags/HW8_Pinecone.py
Traceback (most recent call last):
  File "/home/airflow/.local/lib/python3.12/site-packages/airflow/models/dagbag.py", line 382, in parse
    loader.exec_module(new_module)
  File "<frozen importlib._bootstrap_external>", line 995, in exec_module
  File "<frozen importlib._bootstrap>", line 488, in _call_with_frames_removed
  File "/opt/airflow/dags/HW8_Pinecone.py", line 11, in <module>
    from pinecone import Pinecone, ServerlessSpec
  File "/home/airflow/.local/lib/python3.12/site-packages/pinecone/__init__.py", line 5, in <module>
    raise Exception(
Exception: The official Pinecone python package has been renamed from `pinecone-client` to `pinecone`. Please remove `pinecone-client` from your project dependencies and add `pinecone` instead. See the README at https://github.com/pinecone-io/pinecone-python-client for more information on using the python SDK.
[2025-04-16T04:00:12.812+0000] {processor.py:927} WARNING - No viable dags retrieved from /opt/airflow/dags/HW8_Pinecone.py
[2025-04-16T04:00:12.842+0000] {processor.py:208} INFO - Processing /opt/airflow/dags/HW8_Pinecone.py took 9.814 seconds
[2025-04-16T04:00:44.732+0000] {processor.py:186} INFO - Started process (PID=744) to work on /opt/airflow/dags/HW8_Pinecone.py
[2025-04-16T04:00:44.742+0000] {processor.py:914} INFO - Processing file /opt/airflow/dags/HW8_Pinecone.py for tasks to queue
[2025-04-16T04:00:44.788+0000] {logging_mixin.py:190} INFO - [2025-04-16T04:00:44.777+0000] {dagbag.py:587} INFO - Filling up the DagBag from /opt/airflow/dags/HW8_Pinecone.py
[2025-04-16T04:01:01.004+0000] {logging_mixin.py:190} INFO - [2025-04-16T04:01:01.000+0000] {dagbag.py:386} ERROR - Failed to import: /opt/airflow/dags/HW8_Pinecone.py
Traceback (most recent call last):
  File "/home/airflow/.local/lib/python3.12/site-packages/airflow/models/dagbag.py", line 382, in parse
    loader.exec_module(new_module)
  File "<frozen importlib._bootstrap_external>", line 995, in exec_module
  File "<frozen importlib._bootstrap>", line 488, in _call_with_frames_removed
  File "/opt/airflow/dags/HW8_Pinecone.py", line 11, in <module>
    from pinecone import Pinecone, ServerlessSpec
  File "/home/airflow/.local/lib/python3.12/site-packages/pinecone/__init__.py", line 5, in <module>
    raise Exception(
Exception: The official Pinecone python package has been renamed from `pinecone-client` to `pinecone`. Please remove `pinecone-client` from your project dependencies and add `pinecone` instead. See the README at https://github.com/pinecone-io/pinecone-python-client for more information on using the python SDK.
[2025-04-16T04:01:01.007+0000] {processor.py:927} WARNING - No viable dags retrieved from /opt/airflow/dags/HW8_Pinecone.py
[2025-04-16T04:01:01.101+0000] {processor.py:208} INFO - Processing /opt/airflow/dags/HW8_Pinecone.py took 16.423 seconds
[2025-04-16T04:01:31.328+0000] {processor.py:186} INFO - Started process (PID=763) to work on /opt/airflow/dags/HW8_Pinecone.py
[2025-04-16T04:01:31.330+0000] {processor.py:914} INFO - Processing file /opt/airflow/dags/HW8_Pinecone.py for tasks to queue
[2025-04-16T04:01:31.333+0000] {logging_mixin.py:190} INFO - [2025-04-16T04:01:31.332+0000] {dagbag.py:587} INFO - Filling up the DagBag from /opt/airflow/dags/HW8_Pinecone.py
[2025-04-16T04:01:42.351+0000] {logging_mixin.py:190} INFO - [2025-04-16T04:01:42.348+0000] {dagbag.py:386} ERROR - Failed to import: /opt/airflow/dags/HW8_Pinecone.py
Traceback (most recent call last):
  File "/home/airflow/.local/lib/python3.12/site-packages/airflow/models/dagbag.py", line 382, in parse
    loader.exec_module(new_module)
  File "<frozen importlib._bootstrap_external>", line 995, in exec_module
  File "<frozen importlib._bootstrap>", line 488, in _call_with_frames_removed
  File "/opt/airflow/dags/HW8_Pinecone.py", line 11, in <module>
    from pinecone import Pinecone, ServerlessSpec
  File "/home/airflow/.local/lib/python3.12/site-packages/pinecone/__init__.py", line 5, in <module>
    raise Exception(
Exception: The official Pinecone python package has been renamed from `pinecone-client` to `pinecone`. Please remove `pinecone-client` from your project dependencies and add `pinecone` instead. See the README at https://github.com/pinecone-io/pinecone-python-client for more information on using the python SDK.
[2025-04-16T04:01:42.353+0000] {processor.py:927} WARNING - No viable dags retrieved from /opt/airflow/dags/HW8_Pinecone.py
[2025-04-16T04:01:42.563+0000] {processor.py:208} INFO - Processing /opt/airflow/dags/HW8_Pinecone.py took 11.119 seconds
[2025-04-16T04:02:13.116+0000] {processor.py:186} INFO - Started process (PID=788) to work on /opt/airflow/dags/HW8_Pinecone.py
[2025-04-16T04:02:13.119+0000] {processor.py:914} INFO - Processing file /opt/airflow/dags/HW8_Pinecone.py for tasks to queue
[2025-04-16T04:02:13.123+0000] {logging_mixin.py:190} INFO - [2025-04-16T04:02:13.123+0000] {dagbag.py:587} INFO - Filling up the DagBag from /opt/airflow/dags/HW8_Pinecone.py
[2025-04-16T04:02:19.480+0000] {logging_mixin.py:190} INFO - [2025-04-16T04:02:19.477+0000] {dagbag.py:386} ERROR - Failed to import: /opt/airflow/dags/HW8_Pinecone.py
Traceback (most recent call last):
  File "/home/airflow/.local/lib/python3.12/site-packages/airflow/models/dagbag.py", line 382, in parse
    loader.exec_module(new_module)
  File "<frozen importlib._bootstrap_external>", line 995, in exec_module
  File "<frozen importlib._bootstrap>", line 488, in _call_with_frames_removed
  File "/opt/airflow/dags/HW8_Pinecone.py", line 11, in <module>
    from pinecone import Pinecone, ServerlessSpec
  File "/home/airflow/.local/lib/python3.12/site-packages/pinecone/__init__.py", line 5, in <module>
    raise Exception(
Exception: The official Pinecone python package has been renamed from `pinecone-client` to `pinecone`. Please remove `pinecone-client` from your project dependencies and add `pinecone` instead. See the README at https://github.com/pinecone-io/pinecone-python-client for more information on using the python SDK.
[2025-04-16T04:02:19.483+0000] {processor.py:927} WARNING - No viable dags retrieved from /opt/airflow/dags/HW8_Pinecone.py
[2025-04-16T04:02:19.508+0000] {processor.py:208} INFO - Processing /opt/airflow/dags/HW8_Pinecone.py took 6.399 seconds
[2025-04-16T17:44:33.048+0000] {processor.py:186} INFO - Started process (PID=515) to work on /opt/airflow/dags/HW8_Pinecone.py
[2025-04-16T17:44:33.064+0000] {processor.py:914} INFO - Processing file /opt/airflow/dags/HW8_Pinecone.py for tasks to queue
[2025-04-16T17:44:33.088+0000] {logging_mixin.py:190} INFO - [2025-04-16T17:44:33.087+0000] {dagbag.py:587} INFO - Filling up the DagBag from /opt/airflow/dags/HW8_Pinecone.py
[2025-04-16T17:45:03.008+0000] {logging_mixin.py:190} INFO - [2025-04-16T17:45:03.006+0000] {timeout.py:68} ERROR - Process timed out, PID: 515
[2025-04-16T17:45:34.201+0000] {processor.py:186} INFO - Started process (PID=552) to work on /opt/airflow/dags/HW8_Pinecone.py
[2025-04-16T17:45:34.208+0000] {processor.py:914} INFO - Processing file /opt/airflow/dags/HW8_Pinecone.py for tasks to queue
[2025-04-16T17:45:34.262+0000] {logging_mixin.py:190} INFO - [2025-04-16T17:45:34.256+0000] {dagbag.py:587} INFO - Filling up the DagBag from /opt/airflow/dags/HW8_Pinecone.py
[2025-04-16T17:46:04.215+0000] {logging_mixin.py:190} INFO - [2025-04-16T17:46:04.211+0000] {timeout.py:68} ERROR - Process timed out, PID: 552
[2025-04-16T17:46:35.487+0000] {processor.py:186} INFO - Started process (PID=578) to work on /opt/airflow/dags/HW8_Pinecone.py
[2025-04-16T17:46:35.493+0000] {processor.py:914} INFO - Processing file /opt/airflow/dags/HW8_Pinecone.py for tasks to queue
[2025-04-16T17:46:35.518+0000] {logging_mixin.py:190} INFO - [2025-04-16T17:46:35.515+0000] {dagbag.py:587} INFO - Filling up the DagBag from /opt/airflow/dags/HW8_Pinecone.py
[2025-04-16T17:47:05.460+0000] {logging_mixin.py:190} INFO - [2025-04-16T17:47:05.458+0000] {timeout.py:68} ERROR - Process timed out, PID: 578
[2025-04-16T17:47:36.698+0000] {processor.py:186} INFO - Started process (PID=603) to work on /opt/airflow/dags/HW8_Pinecone.py
[2025-04-16T17:47:36.707+0000] {processor.py:914} INFO - Processing file /opt/airflow/dags/HW8_Pinecone.py for tasks to queue
[2025-04-16T17:47:36.677+0000] {logging_mixin.py:190} INFO - [2025-04-16T17:47:36.668+0000] {dagbag.py:587} INFO - Filling up the DagBag from /opt/airflow/dags/HW8_Pinecone.py
[2025-04-16T17:48:05.067+0000] {logging_mixin.py:190} INFO - {{ task_instance.xcom_pull(task_ids='preprocess_data', dag_id='Medium_to_Pinecone', key='return_value') }}
[2025-04-16T17:48:05.081+0000] {processor.py:925} INFO - DAG(s) 'Medium_to_Pinecone' retrieved from /opt/airflow/dags/HW8_Pinecone.py
[2025-04-16T17:48:06.735+0000] {logging_mixin.py:190} INFO - [2025-04-16T17:48:06.734+0000] {override.py:1900} INFO - Created Permission View: can delete on DAG:Medium_to_Pinecone
[2025-04-16T17:48:06.762+0000] {logging_mixin.py:190} INFO - [2025-04-16T17:48:06.761+0000] {override.py:1900} INFO - Created Permission View: can read on DAG:Medium_to_Pinecone
[2025-04-16T17:48:06.771+0000] {logging_mixin.py:190} INFO - [2025-04-16T17:48:06.770+0000] {override.py:1900} INFO - Created Permission View: can edit on DAG:Medium_to_Pinecone
[2025-04-16T17:48:06.780+0000] {logging_mixin.py:190} INFO - [2025-04-16T17:48:06.780+0000] {override.py:1900} INFO - Created Permission View: can delete on DAG Run:Medium_to_Pinecone
[2025-04-16T17:48:06.788+0000] {logging_mixin.py:190} INFO - [2025-04-16T17:48:06.788+0000] {override.py:1900} INFO - Created Permission View: can read on DAG Run:Medium_to_Pinecone
[2025-04-16T17:48:06.806+0000] {logging_mixin.py:190} INFO - [2025-04-16T17:48:06.806+0000] {override.py:1900} INFO - Created Permission View: menu access on DAG Run:Medium_to_Pinecone
[2025-04-16T17:48:06.819+0000] {logging_mixin.py:190} INFO - [2025-04-16T17:48:06.819+0000] {override.py:1900} INFO - Created Permission View: can create on DAG Run:Medium_to_Pinecone
[2025-04-16T17:48:06.822+0000] {logging_mixin.py:190} INFO - [2025-04-16T17:48:06.821+0000] {dag.py:3229} INFO - Sync 1 DAGs
[2025-04-16T17:48:06.868+0000] {logging_mixin.py:190} INFO - [2025-04-16T17:48:06.866+0000] {dag.py:3252} INFO - Creating ORM DAG for Medium_to_Pinecone
[2025-04-16T17:48:06.913+0000] {logging_mixin.py:190} INFO - [2025-04-16T17:48:06.912+0000] {dag.py:4156} INFO - Setting next_dagrun for Medium_to_Pinecone to 2025-04-03 00:00:00+00:00, run_after=2025-04-10 00:00:00+00:00
[2025-04-16T17:48:07.044+0000] {processor.py:208} INFO - Processing /opt/airflow/dags/HW8_Pinecone.py took 30.686 seconds
[2025-04-16T17:48:37.972+0000] {processor.py:186} INFO - Started process (PID=628) to work on /opt/airflow/dags/HW8_Pinecone.py
[2025-04-16T17:48:37.978+0000] {processor.py:914} INFO - Processing file /opt/airflow/dags/HW8_Pinecone.py for tasks to queue
[2025-04-16T17:48:38.001+0000] {logging_mixin.py:190} INFO - [2025-04-16T17:48:38.000+0000] {dagbag.py:587} INFO - Filling up the DagBag from /opt/airflow/dags/HW8_Pinecone.py
[2025-04-16T17:48:48.764+0000] {logging_mixin.py:190} INFO - {{ task_instance.xcom_pull(task_ids='preprocess_data', dag_id='Medium_to_Pinecone', key='return_value') }}
[2025-04-16T17:48:48.771+0000] {processor.py:925} INFO - DAG(s) 'Medium_to_Pinecone' retrieved from /opt/airflow/dags/HW8_Pinecone.py
[2025-04-16T17:48:48.868+0000] {logging_mixin.py:190} INFO - [2025-04-16T17:48:48.866+0000] {dag.py:3229} INFO - Sync 1 DAGs
[2025-04-16T17:48:48.964+0000] {logging_mixin.py:190} INFO - [2025-04-16T17:48:48.963+0000] {dag.py:4156} INFO - Setting next_dagrun for Medium_to_Pinecone to 2025-04-03 00:00:00+00:00, run_after=2025-04-10 00:00:00+00:00
[2025-04-16T17:48:48.997+0000] {processor.py:208} INFO - Processing /opt/airflow/dags/HW8_Pinecone.py took 11.053 seconds
[2025-04-16T17:49:19.298+0000] {processor.py:186} INFO - Started process (PID=647) to work on /opt/airflow/dags/HW8_Pinecone.py
[2025-04-16T17:49:19.303+0000] {processor.py:914} INFO - Processing file /opt/airflow/dags/HW8_Pinecone.py for tasks to queue
[2025-04-16T17:49:19.309+0000] {logging_mixin.py:190} INFO - [2025-04-16T17:49:19.308+0000] {dagbag.py:587} INFO - Filling up the DagBag from /opt/airflow/dags/HW8_Pinecone.py
[2025-04-16T17:49:26.829+0000] {logging_mixin.py:190} INFO - {{ task_instance.xcom_pull(task_ids='preprocess_data', dag_id='Medium_to_Pinecone', key='return_value') }}
[2025-04-16T17:49:26.834+0000] {processor.py:925} INFO - DAG(s) 'Medium_to_Pinecone' retrieved from /opt/airflow/dags/HW8_Pinecone.py
[2025-04-16T17:49:26.888+0000] {logging_mixin.py:190} INFO - [2025-04-16T17:49:26.888+0000] {dag.py:3229} INFO - Sync 1 DAGs
[2025-04-16T17:49:26.915+0000] {logging_mixin.py:190} INFO - [2025-04-16T17:49:26.915+0000] {dag.py:4156} INFO - Setting next_dagrun for Medium_to_Pinecone to 2025-04-03 00:00:00+00:00, run_after=2025-04-10 00:00:00+00:00
[2025-04-16T17:49:27.059+0000] {processor.py:208} INFO - Processing /opt/airflow/dags/HW8_Pinecone.py took 7.771 seconds
[2025-04-16T17:49:57.484+0000] {processor.py:186} INFO - Started process (PID=666) to work on /opt/airflow/dags/HW8_Pinecone.py
[2025-04-16T17:49:57.490+0000] {processor.py:914} INFO - Processing file /opt/airflow/dags/HW8_Pinecone.py for tasks to queue
[2025-04-16T17:49:57.495+0000] {logging_mixin.py:190} INFO - [2025-04-16T17:49:57.494+0000] {dagbag.py:587} INFO - Filling up the DagBag from /opt/airflow/dags/HW8_Pinecone.py
[2025-04-16T17:50:03.564+0000] {logging_mixin.py:190} INFO - {{ task_instance.xcom_pull(task_ids='preprocess_data', dag_id='Medium_to_Pinecone', key='return_value') }}
[2025-04-16T17:50:03.569+0000] {processor.py:925} INFO - DAG(s) 'Medium_to_Pinecone' retrieved from /opt/airflow/dags/HW8_Pinecone.py
[2025-04-16T17:50:03.599+0000] {logging_mixin.py:190} INFO - [2025-04-16T17:50:03.598+0000] {dag.py:3229} INFO - Sync 1 DAGs
[2025-04-16T17:50:03.625+0000] {logging_mixin.py:190} INFO - [2025-04-16T17:50:03.625+0000] {dag.py:4156} INFO - Setting next_dagrun for Medium_to_Pinecone to 2025-04-03 00:00:00+00:00, run_after=2025-04-10 00:00:00+00:00
[2025-04-16T17:50:03.675+0000] {processor.py:208} INFO - Processing /opt/airflow/dags/HW8_Pinecone.py took 6.202 seconds
[2025-04-16T17:50:33.769+0000] {processor.py:186} INFO - Started process (PID=685) to work on /opt/airflow/dags/HW8_Pinecone.py
[2025-04-16T17:50:33.770+0000] {processor.py:914} INFO - Processing file /opt/airflow/dags/HW8_Pinecone.py for tasks to queue
[2025-04-16T17:50:33.774+0000] {logging_mixin.py:190} INFO - [2025-04-16T17:50:33.773+0000] {dagbag.py:587} INFO - Filling up the DagBag from /opt/airflow/dags/HW8_Pinecone.py
[2025-04-16T17:50:39.595+0000] {logging_mixin.py:190} INFO - {{ task_instance.xcom_pull(task_ids='preprocess_data', dag_id='Medium_to_Pinecone', key='return_value') }}
[2025-04-16T17:50:39.599+0000] {processor.py:925} INFO - DAG(s) 'Medium_to_Pinecone' retrieved from /opt/airflow/dags/HW8_Pinecone.py
[2025-04-16T17:50:39.629+0000] {logging_mixin.py:190} INFO - [2025-04-16T17:50:39.628+0000] {dag.py:3229} INFO - Sync 1 DAGs
[2025-04-16T17:50:39.713+0000] {logging_mixin.py:190} INFO - [2025-04-16T17:50:39.713+0000] {dag.py:4156} INFO - Setting next_dagrun for Medium_to_Pinecone to 2025-04-03 00:00:00+00:00, run_after=2025-04-10 00:00:00+00:00
[2025-04-16T17:50:39.736+0000] {processor.py:208} INFO - Processing /opt/airflow/dags/HW8_Pinecone.py took 6.091 seconds
[2025-04-16T17:51:10.083+0000] {processor.py:186} INFO - Started process (PID=710) to work on /opt/airflow/dags/HW8_Pinecone.py
[2025-04-16T17:51:10.085+0000] {processor.py:914} INFO - Processing file /opt/airflow/dags/HW8_Pinecone.py for tasks to queue
[2025-04-16T17:51:10.097+0000] {logging_mixin.py:190} INFO - [2025-04-16T17:51:10.096+0000] {dagbag.py:587} INFO - Filling up the DagBag from /opt/airflow/dags/HW8_Pinecone.py
[2025-04-16T17:51:26.868+0000] {logging_mixin.py:190} INFO - {{ task_instance.xcom_pull(task_ids='preprocess_data', dag_id='Medium_to_Pinecone', key='return_value') }}
[2025-04-16T17:51:26.886+0000] {processor.py:925} INFO - DAG(s) 'Medium_to_Pinecone' retrieved from /opt/airflow/dags/HW8_Pinecone.py
[2025-04-16T17:51:27.215+0000] {logging_mixin.py:190} INFO - [2025-04-16T17:51:27.209+0000] {dag.py:3229} INFO - Sync 1 DAGs
[2025-04-16T17:51:27.447+0000] {logging_mixin.py:190} INFO - [2025-04-16T17:51:27.444+0000] {dag.py:4156} INFO - Setting next_dagrun for Medium_to_Pinecone to 2025-04-03 00:00:00+00:00, run_after=2025-04-10 00:00:00+00:00
[2025-04-16T17:51:27.799+0000] {processor.py:208} INFO - Processing /opt/airflow/dags/HW8_Pinecone.py took 17.741 seconds
[2025-04-16T17:51:59.237+0000] {processor.py:186} INFO - Started process (PID=744) to work on /opt/airflow/dags/HW8_Pinecone.py
[2025-04-16T17:51:59.238+0000] {processor.py:914} INFO - Processing file /opt/airflow/dags/HW8_Pinecone.py for tasks to queue
[2025-04-16T17:51:59.241+0000] {logging_mixin.py:190} INFO - [2025-04-16T17:51:59.241+0000] {dagbag.py:587} INFO - Filling up the DagBag from /opt/airflow/dags/HW8_Pinecone.py
[2025-04-16T17:52:10.214+0000] {logging_mixin.py:190} INFO - {{ task_instance.xcom_pull(task_ids='preprocess_data', dag_id='Medium_to_Pinecone', key='return_value') }}
[2025-04-16T17:52:10.225+0000] {processor.py:925} INFO - DAG(s) 'Medium_to_Pinecone' retrieved from /opt/airflow/dags/HW8_Pinecone.py
[2025-04-16T17:52:10.276+0000] {logging_mixin.py:190} INFO - [2025-04-16T17:52:10.275+0000] {dag.py:3229} INFO - Sync 1 DAGs
[2025-04-16T17:52:10.400+0000] {logging_mixin.py:190} INFO - [2025-04-16T17:52:10.399+0000] {dag.py:4156} INFO - Setting next_dagrun for Medium_to_Pinecone to 2025-04-03 00:00:00+00:00, run_after=2025-04-10 00:00:00+00:00
[2025-04-16T17:52:10.442+0000] {processor.py:208} INFO - Processing /opt/airflow/dags/HW8_Pinecone.py took 11.332 seconds
[2025-04-16T17:52:40.965+0000] {processor.py:186} INFO - Started process (PID=765) to work on /opt/airflow/dags/HW8_Pinecone.py
[2025-04-16T17:52:40.973+0000] {processor.py:914} INFO - Processing file /opt/airflow/dags/HW8_Pinecone.py for tasks to queue
[2025-04-16T17:52:41.049+0000] {logging_mixin.py:190} INFO - [2025-04-16T17:52:41.047+0000] {dagbag.py:587} INFO - Filling up the DagBag from /opt/airflow/dags/HW8_Pinecone.py
[2025-04-16T17:53:07.644+0000] {logging_mixin.py:190} INFO - {{ task_instance.xcom_pull(task_ids='preprocess_data', dag_id='Medium_to_Pinecone', key='return_value') }}
[2025-04-16T17:53:07.660+0000] {processor.py:925} INFO - DAG(s) 'Medium_to_Pinecone' retrieved from /opt/airflow/dags/HW8_Pinecone.py
[2025-04-16T17:53:07.849+0000] {logging_mixin.py:190} INFO - [2025-04-16T17:53:07.847+0000] {dag.py:3229} INFO - Sync 1 DAGs
[2025-04-16T17:53:07.967+0000] {logging_mixin.py:190} INFO - [2025-04-16T17:53:07.967+0000] {dag.py:4156} INFO - Setting next_dagrun for Medium_to_Pinecone to 2025-04-03 00:00:00+00:00, run_after=2025-04-10 00:00:00+00:00
[2025-04-16T17:53:08.005+0000] {processor.py:208} INFO - Processing /opt/airflow/dags/HW8_Pinecone.py took 27.225 seconds
[2025-04-16T17:53:38.422+0000] {processor.py:186} INFO - Started process (PID=790) to work on /opt/airflow/dags/HW8_Pinecone.py
[2025-04-16T17:53:38.424+0000] {processor.py:914} INFO - Processing file /opt/airflow/dags/HW8_Pinecone.py for tasks to queue
[2025-04-16T17:53:38.432+0000] {logging_mixin.py:190} INFO - [2025-04-16T17:53:38.431+0000] {dagbag.py:587} INFO - Filling up the DagBag from /opt/airflow/dags/HW8_Pinecone.py
[2025-04-16T17:53:46.329+0000] {logging_mixin.py:190} INFO - {{ task_instance.xcom_pull(task_ids='preprocess_data', dag_id='Medium_to_Pinecone', key='return_value') }}
[2025-04-16T17:53:46.337+0000] {processor.py:925} INFO - DAG(s) 'Medium_to_Pinecone' retrieved from /opt/airflow/dags/HW8_Pinecone.py
[2025-04-16T17:53:46.418+0000] {logging_mixin.py:190} INFO - [2025-04-16T17:53:46.416+0000] {dag.py:3229} INFO - Sync 1 DAGs
[2025-04-16T17:53:46.478+0000] {logging_mixin.py:190} INFO - [2025-04-16T17:53:46.478+0000] {dag.py:4156} INFO - Setting next_dagrun for Medium_to_Pinecone to 2025-04-03 00:00:00+00:00, run_after=2025-04-10 00:00:00+00:00
[2025-04-16T17:53:46.530+0000] {processor.py:208} INFO - Processing /opt/airflow/dags/HW8_Pinecone.py took 8.127 seconds
[2025-04-16T17:54:16.799+0000] {processor.py:186} INFO - Started process (PID=816) to work on /opt/airflow/dags/HW8_Pinecone.py
[2025-04-16T17:54:16.801+0000] {processor.py:914} INFO - Processing file /opt/airflow/dags/HW8_Pinecone.py for tasks to queue
[2025-04-16T17:54:16.804+0000] {logging_mixin.py:190} INFO - [2025-04-16T17:54:16.804+0000] {dagbag.py:587} INFO - Filling up the DagBag from /opt/airflow/dags/HW8_Pinecone.py
[2025-04-16T17:54:23.651+0000] {logging_mixin.py:190} INFO - {{ task_instance.xcom_pull(task_ids='preprocess_data', dag_id='Medium_to_Pinecone', key='return_value') }}
[2025-04-16T17:54:23.655+0000] {processor.py:925} INFO - DAG(s) 'Medium_to_Pinecone' retrieved from /opt/airflow/dags/HW8_Pinecone.py
[2025-04-16T17:54:23.687+0000] {logging_mixin.py:190} INFO - [2025-04-16T17:54:23.687+0000] {dag.py:3229} INFO - Sync 1 DAGs
[2025-04-16T17:54:23.716+0000] {logging_mixin.py:190} INFO - [2025-04-16T17:54:23.716+0000] {dag.py:4156} INFO - Setting next_dagrun for Medium_to_Pinecone to 2025-04-03 00:00:00+00:00, run_after=2025-04-10 00:00:00+00:00
[2025-04-16T17:54:23.742+0000] {processor.py:208} INFO - Processing /opt/airflow/dags/HW8_Pinecone.py took 6.952 seconds
[2025-04-16T17:54:54.170+0000] {processor.py:186} INFO - Started process (PID=835) to work on /opt/airflow/dags/HW8_Pinecone.py
[2025-04-16T17:54:54.172+0000] {processor.py:914} INFO - Processing file /opt/airflow/dags/HW8_Pinecone.py for tasks to queue
[2025-04-16T17:54:54.175+0000] {logging_mixin.py:190} INFO - [2025-04-16T17:54:54.174+0000] {dagbag.py:587} INFO - Filling up the DagBag from /opt/airflow/dags/HW8_Pinecone.py
[2025-04-16T17:55:00.114+0000] {logging_mixin.py:190} INFO - {{ task_instance.xcom_pull(task_ids='preprocess_data', dag_id='Medium_to_Pinecone', key='return_value') }}
[2025-04-16T17:55:00.119+0000] {processor.py:925} INFO - DAG(s) 'Medium_to_Pinecone' retrieved from /opt/airflow/dags/HW8_Pinecone.py
[2025-04-16T17:55:00.153+0000] {logging_mixin.py:190} INFO - [2025-04-16T17:55:00.152+0000] {dag.py:3229} INFO - Sync 1 DAGs
[2025-04-16T17:55:00.189+0000] {logging_mixin.py:190} INFO - [2025-04-16T17:55:00.189+0000] {dag.py:4156} INFO - Setting next_dagrun for Medium_to_Pinecone to 2025-04-03 00:00:00+00:00, run_after=2025-04-10 00:00:00+00:00
[2025-04-16T17:55:00.211+0000] {processor.py:208} INFO - Processing /opt/airflow/dags/HW8_Pinecone.py took 6.049 seconds
[2025-04-16T17:55:30.651+0000] {processor.py:186} INFO - Started process (PID=854) to work on /opt/airflow/dags/HW8_Pinecone.py
[2025-04-16T17:55:30.653+0000] {processor.py:914} INFO - Processing file /opt/airflow/dags/HW8_Pinecone.py for tasks to queue
[2025-04-16T17:55:30.657+0000] {logging_mixin.py:190} INFO - [2025-04-16T17:55:30.656+0000] {dagbag.py:587} INFO - Filling up the DagBag from /opt/airflow/dags/HW8_Pinecone.py
[2025-04-16T17:55:52.516+0000] {logging_mixin.py:190} INFO - {{ task_instance.xcom_pull(task_ids='preprocess_data', dag_id='Medium_to_Pinecone', key='return_value') }}
[2025-04-16T17:55:52.528+0000] {processor.py:925} INFO - DAG(s) 'Medium_to_Pinecone' retrieved from /opt/airflow/dags/HW8_Pinecone.py
[2025-04-16T17:55:52.599+0000] {logging_mixin.py:190} INFO - [2025-04-16T17:55:52.598+0000] {dag.py:3229} INFO - Sync 1 DAGs
[2025-04-16T17:55:52.649+0000] {logging_mixin.py:190} INFO - [2025-04-16T17:55:52.648+0000] {dag.py:4156} INFO - Setting next_dagrun for Medium_to_Pinecone to 2025-04-03 00:00:00+00:00, run_after=2025-04-10 00:00:00+00:00
[2025-04-16T17:55:52.691+0000] {processor.py:208} INFO - Processing /opt/airflow/dags/HW8_Pinecone.py took 22.187 seconds
[2025-04-16T17:56:24.128+0000] {processor.py:186} INFO - Started process (PID=879) to work on /opt/airflow/dags/HW8_Pinecone.py
[2025-04-16T17:56:24.134+0000] {processor.py:914} INFO - Processing file /opt/airflow/dags/HW8_Pinecone.py for tasks to queue
[2025-04-16T17:56:24.433+0000] {logging_mixin.py:190} INFO - [2025-04-16T17:56:24.359+0000] {dagbag.py:587} INFO - Filling up the DagBag from /opt/airflow/dags/HW8_Pinecone.py
[2025-04-16T17:57:42.769+0000] {processor.py:186} INFO - Started process (PID=202) to work on /opt/airflow/dags/HW8_Pinecone.py
[2025-04-16T17:57:42.772+0000] {processor.py:914} INFO - Processing file /opt/airflow/dags/HW8_Pinecone.py for tasks to queue
[2025-04-16T17:57:42.778+0000] {logging_mixin.py:190} INFO - [2025-04-16T17:57:42.777+0000] {dagbag.py:587} INFO - Filling up the DagBag from /opt/airflow/dags/HW8_Pinecone.py
[2025-04-16T17:58:12.668+0000] {logging_mixin.py:190} INFO - [2025-04-16T17:58:12.667+0000] {timeout.py:68} ERROR - Process timed out, PID: 202
[2025-04-16T17:58:43.582+0000] {processor.py:186} INFO - Started process (PID=258) to work on /opt/airflow/dags/HW8_Pinecone.py
[2025-04-16T17:58:43.584+0000] {processor.py:914} INFO - Processing file /opt/airflow/dags/HW8_Pinecone.py for tasks to queue
[2025-04-16T17:58:43.600+0000] {logging_mixin.py:190} INFO - [2025-04-16T17:58:43.594+0000] {dagbag.py:587} INFO - Filling up the DagBag from /opt/airflow/dags/HW8_Pinecone.py
[2025-04-16T17:58:56.279+0000] {logging_mixin.py:190} INFO - {{ task_instance.xcom_pull(task_ids='preprocess_data', dag_id='Medium_to_Pinecone', key='return_value') }}
[2025-04-16T17:58:56.286+0000] {processor.py:925} INFO - DAG(s) 'Medium_to_Pinecone' retrieved from /opt/airflow/dags/HW8_Pinecone.py
[2025-04-16T17:58:56.554+0000] {logging_mixin.py:190} INFO - [2025-04-16T17:58:56.554+0000] {dag.py:3229} INFO - Sync 1 DAGs
[2025-04-16T17:58:56.591+0000] {logging_mixin.py:190} INFO - [2025-04-16T17:58:56.590+0000] {dag.py:4156} INFO - Setting next_dagrun for Medium_to_Pinecone to 2025-04-03 00:00:00+00:00, run_after=2025-04-10 00:00:00+00:00
[2025-04-16T17:58:56.627+0000] {processor.py:208} INFO - Processing /opt/airflow/dags/HW8_Pinecone.py took 13.096 seconds
[2025-04-16T17:59:27.027+0000] {processor.py:186} INFO - Started process (PID=287) to work on /opt/airflow/dags/HW8_Pinecone.py
[2025-04-16T17:59:27.029+0000] {processor.py:914} INFO - Processing file /opt/airflow/dags/HW8_Pinecone.py for tasks to queue
[2025-04-16T17:59:27.034+0000] {logging_mixin.py:190} INFO - [2025-04-16T17:59:27.033+0000] {dagbag.py:587} INFO - Filling up the DagBag from /opt/airflow/dags/HW8_Pinecone.py
[2025-04-16T17:59:56.949+0000] {logging_mixin.py:190} INFO - [2025-04-16T17:59:56.948+0000] {timeout.py:68} ERROR - Process timed out, PID: 287
[2025-04-16T18:00:28.246+0000] {processor.py:186} INFO - Started process (PID=320) to work on /opt/airflow/dags/HW8_Pinecone.py
[2025-04-16T18:00:28.253+0000] {processor.py:914} INFO - Processing file /opt/airflow/dags/HW8_Pinecone.py for tasks to queue
[2025-04-16T18:00:28.277+0000] {logging_mixin.py:190} INFO - [2025-04-16T18:00:28.267+0000] {dagbag.py:587} INFO - Filling up the DagBag from /opt/airflow/dags/HW8_Pinecone.py
[2025-04-16T18:00:53.882+0000] {logging_mixin.py:190} INFO - {{ task_instance.xcom_pull(task_ids='preprocess_data', dag_id='Medium_to_Pinecone', key='return_value') }}
[2025-04-16T18:00:53.902+0000] {processor.py:925} INFO - DAG(s) 'Medium_to_Pinecone' retrieved from /opt/airflow/dags/HW8_Pinecone.py
[2025-04-16T18:00:54.340+0000] {logging_mixin.py:190} INFO - [2025-04-16T18:00:54.338+0000] {dag.py:3229} INFO - Sync 1 DAGs
[2025-04-16T18:00:54.389+0000] {logging_mixin.py:190} INFO - [2025-04-16T18:00:54.389+0000] {dag.py:4156} INFO - Setting next_dagrun for Medium_to_Pinecone to 2025-04-10 00:00:00+00:00, run_after=2025-04-17 00:00:00+00:00
[2025-04-16T18:00:54.427+0000] {processor.py:208} INFO - Processing /opt/airflow/dags/HW8_Pinecone.py took 26.388 seconds
[2025-04-16T18:01:25.016+0000] {processor.py:186} INFO - Started process (PID=340) to work on /opt/airflow/dags/HW8_Pinecone.py
[2025-04-16T18:01:25.040+0000] {processor.py:914} INFO - Processing file /opt/airflow/dags/HW8_Pinecone.py for tasks to queue
[2025-04-16T18:01:25.070+0000] {logging_mixin.py:190} INFO - [2025-04-16T18:01:25.061+0000] {dagbag.py:587} INFO - Filling up the DagBag from /opt/airflow/dags/HW8_Pinecone.py
[2025-04-16T18:01:43.718+0000] {logging_mixin.py:190} INFO - {{ task_instance.xcom_pull(task_ids='preprocess_data', dag_id='Medium_to_Pinecone', key='return_value') }}
[2025-04-16T18:01:43.729+0000] {processor.py:925} INFO - DAG(s) 'Medium_to_Pinecone' retrieved from /opt/airflow/dags/HW8_Pinecone.py
[2025-04-16T18:01:43.814+0000] {logging_mixin.py:190} INFO - [2025-04-16T18:01:43.814+0000] {dag.py:3229} INFO - Sync 1 DAGs
[2025-04-16T18:01:43.893+0000] {logging_mixin.py:190} INFO - [2025-04-16T18:01:43.893+0000] {dag.py:4156} INFO - Setting next_dagrun for Medium_to_Pinecone to 2025-04-10 00:00:00+00:00, run_after=2025-04-17 00:00:00+00:00
[2025-04-16T18:01:43.940+0000] {processor.py:208} INFO - Processing /opt/airflow/dags/HW8_Pinecone.py took 19.222 seconds
[2025-04-16T18:02:26.120+0000] {processor.py:186} INFO - Started process (PID=387) to work on /opt/airflow/dags/HW8_Pinecone.py
[2025-04-16T18:02:26.125+0000] {processor.py:914} INFO - Processing file /opt/airflow/dags/HW8_Pinecone.py for tasks to queue
[2025-04-16T18:02:26.145+0000] {logging_mixin.py:190} INFO - [2025-04-16T18:02:26.138+0000] {dagbag.py:587} INFO - Filling up the DagBag from /opt/airflow/dags/HW8_Pinecone.py
[2025-04-16T18:02:56.076+0000] {logging_mixin.py:190} INFO - [2025-04-16T18:02:56.068+0000] {timeout.py:68} ERROR - Process timed out, PID: 387
[2025-04-16T18:03:28.519+0000] {processor.py:186} INFO - Started process (PID=441) to work on /opt/airflow/dags/HW8_Pinecone.py
[2025-04-16T18:03:28.533+0000] {processor.py:914} INFO - Processing file /opt/airflow/dags/HW8_Pinecone.py for tasks to queue
[2025-04-16T18:03:28.560+0000] {logging_mixin.py:190} INFO - [2025-04-16T18:03:28.550+0000] {dagbag.py:587} INFO - Filling up the DagBag from /opt/airflow/dags/HW8_Pinecone.py
[2025-04-16T18:03:58.440+0000] {logging_mixin.py:190} INFO - [2025-04-16T18:03:58.439+0000] {timeout.py:68} ERROR - Process timed out, PID: 441
[2025-04-16T18:04:30.436+0000] {processor.py:186} INFO - Started process (PID=480) to work on /opt/airflow/dags/HW8_Pinecone.py
[2025-04-16T18:04:30.438+0000] {processor.py:914} INFO - Processing file /opt/airflow/dags/HW8_Pinecone.py for tasks to queue
[2025-04-16T18:04:30.446+0000] {logging_mixin.py:190} INFO - [2025-04-16T18:04:30.444+0000] {dagbag.py:587} INFO - Filling up the DagBag from /opt/airflow/dags/HW8_Pinecone.py
[2025-04-16T18:05:00.353+0000] {logging_mixin.py:190} INFO - [2025-04-16T18:05:00.350+0000] {timeout.py:68} ERROR - Process timed out, PID: 480
[2025-04-16T18:05:31.021+0000] {processor.py:186} INFO - Started process (PID=530) to work on /opt/airflow/dags/HW8_Pinecone.py
[2025-04-16T18:05:31.029+0000] {processor.py:914} INFO - Processing file /opt/airflow/dags/HW8_Pinecone.py for tasks to queue
[2025-04-16T18:05:31.038+0000] {logging_mixin.py:190} INFO - [2025-04-16T18:05:31.035+0000] {dagbag.py:587} INFO - Filling up the DagBag from /opt/airflow/dags/HW8_Pinecone.py
[2025-04-16T18:05:37.337+0000] {logging_mixin.py:190} INFO - {{ task_instance.xcom_pull(task_ids='preprocess_data', dag_id='Medium_to_Pinecone', key='return_value') }}
[2025-04-16T18:05:37.341+0000] {processor.py:925} INFO - DAG(s) 'Medium_to_Pinecone' retrieved from /opt/airflow/dags/HW8_Pinecone.py
[2025-04-16T18:05:37.609+0000] {logging_mixin.py:190} INFO - [2025-04-16T18:05:37.608+0000] {dag.py:3229} INFO - Sync 1 DAGs
[2025-04-16T18:05:37.632+0000] {logging_mixin.py:190} INFO - [2025-04-16T18:05:37.632+0000] {dag.py:4156} INFO - Setting next_dagrun for Medium_to_Pinecone to 2025-04-10 00:00:00+00:00, run_after=2025-04-17 00:00:00+00:00
[2025-04-16T18:05:37.660+0000] {processor.py:208} INFO - Processing /opt/airflow/dags/HW8_Pinecone.py took 6.812 seconds
[2025-04-16T18:06:08.017+0000] {processor.py:186} INFO - Started process (PID=584) to work on /opt/airflow/dags/HW8_Pinecone.py
[2025-04-16T18:06:08.021+0000] {processor.py:914} INFO - Processing file /opt/airflow/dags/HW8_Pinecone.py for tasks to queue
[2025-04-16T18:06:08.026+0000] {logging_mixin.py:190} INFO - [2025-04-16T18:06:08.025+0000] {dagbag.py:587} INFO - Filling up the DagBag from /opt/airflow/dags/HW8_Pinecone.py
[2025-04-16T18:06:17.052+0000] {logging_mixin.py:190} INFO - {{ task_instance.xcom_pull(task_ids='preprocess_data', dag_id='Medium_to_Pinecone', key='return_value') }}
[2025-04-16T18:06:17.064+0000] {processor.py:925} INFO - DAG(s) 'Medium_to_Pinecone' retrieved from /opt/airflow/dags/HW8_Pinecone.py
[2025-04-16T18:06:17.160+0000] {logging_mixin.py:190} INFO - [2025-04-16T18:06:17.158+0000] {dag.py:3229} INFO - Sync 1 DAGs
[2025-04-16T18:06:17.260+0000] {logging_mixin.py:190} INFO - [2025-04-16T18:06:17.260+0000] {dag.py:4156} INFO - Setting next_dagrun for Medium_to_Pinecone to 2025-04-10 00:00:00+00:00, run_after=2025-04-17 00:00:00+00:00
[2025-04-16T18:06:17.332+0000] {processor.py:208} INFO - Processing /opt/airflow/dags/HW8_Pinecone.py took 9.354 seconds
[2025-04-16T18:06:48.105+0000] {processor.py:186} INFO - Started process (PID=627) to work on /opt/airflow/dags/HW8_Pinecone.py
[2025-04-16T18:06:48.159+0000] {processor.py:914} INFO - Processing file /opt/airflow/dags/HW8_Pinecone.py for tasks to queue
[2025-04-16T18:06:48.219+0000] {logging_mixin.py:190} INFO - [2025-04-16T18:06:48.193+0000] {dagbag.py:587} INFO - Filling up the DagBag from /opt/airflow/dags/HW8_Pinecone.py
[2025-04-16T18:07:17.698+0000] {logging_mixin.py:190} INFO - {{ task_instance.xcom_pull(task_ids='preprocess_data', dag_id='Medium_to_Pinecone', key='return_value') }}
[2025-04-16T18:07:17.710+0000] {processor.py:925} INFO - DAG(s) 'Medium_to_Pinecone' retrieved from /opt/airflow/dags/HW8_Pinecone.py
[2025-04-16T18:07:17.996+0000] {logging_mixin.py:190} INFO - [2025-04-16T18:07:17.995+0000] {dag.py:3229} INFO - Sync 1 DAGs
[2025-04-16T18:07:18.107+0000] {logging_mixin.py:190} INFO - [2025-04-16T18:07:18.106+0000] {dag.py:4156} INFO - Setting next_dagrun for Medium_to_Pinecone to 2025-04-10 00:00:00+00:00, run_after=2025-04-17 00:00:00+00:00
[2025-04-16T18:07:18.150+0000] {processor.py:208} INFO - Processing /opt/airflow/dags/HW8_Pinecone.py took 30.368 seconds
[2025-04-16T18:07:49.303+0000] {processor.py:186} INFO - Started process (PID=685) to work on /opt/airflow/dags/HW8_Pinecone.py
[2025-04-16T18:07:49.309+0000] {processor.py:914} INFO - Processing file /opt/airflow/dags/HW8_Pinecone.py for tasks to queue
[2025-04-16T18:07:49.319+0000] {logging_mixin.py:190} INFO - [2025-04-16T18:07:49.316+0000] {dagbag.py:587} INFO - Filling up the DagBag from /opt/airflow/dags/HW8_Pinecone.py
[2025-04-16T18:07:59.718+0000] {logging_mixin.py:190} INFO - {{ task_instance.xcom_pull(task_ids='preprocess_data', dag_id='Medium_to_Pinecone', key='return_value') }}
[2025-04-16T18:07:59.722+0000] {processor.py:925} INFO - DAG(s) 'Medium_to_Pinecone' retrieved from /opt/airflow/dags/HW8_Pinecone.py
[2025-04-16T18:07:59.756+0000] {logging_mixin.py:190} INFO - [2025-04-16T18:07:59.755+0000] {dag.py:3229} INFO - Sync 1 DAGs
[2025-04-16T18:07:59.801+0000] {logging_mixin.py:190} INFO - [2025-04-16T18:07:59.801+0000] {dag.py:4156} INFO - Setting next_dagrun for Medium_to_Pinecone to 2025-04-10 00:00:00+00:00, run_after=2025-04-17 00:00:00+00:00
[2025-04-16T18:07:59.935+0000] {processor.py:208} INFO - Processing /opt/airflow/dags/HW8_Pinecone.py took 10.690 seconds
[2025-04-16T18:08:30.740+0000] {processor.py:186} INFO - Started process (PID=705) to work on /opt/airflow/dags/HW8_Pinecone.py
[2025-04-16T18:08:30.742+0000] {processor.py:914} INFO - Processing file /opt/airflow/dags/HW8_Pinecone.py for tasks to queue
[2025-04-16T18:08:30.743+0000] {logging_mixin.py:190} INFO - [2025-04-16T18:08:30.743+0000] {dagbag.py:587} INFO - Filling up the DagBag from /opt/airflow/dags/HW8_Pinecone.py
[2025-04-16T18:08:35.962+0000] {logging_mixin.py:190} INFO - {{ task_instance.xcom_pull(task_ids='preprocess_data', dag_id='Medium_to_Pinecone', key='return_value') }}
[2025-04-16T18:08:35.966+0000] {processor.py:925} INFO - DAG(s) 'Medium_to_Pinecone' retrieved from /opt/airflow/dags/HW8_Pinecone.py
[2025-04-16T18:08:35.993+0000] {logging_mixin.py:190} INFO - [2025-04-16T18:08:35.992+0000] {dag.py:3229} INFO - Sync 1 DAGs
[2025-04-16T18:08:36.017+0000] {logging_mixin.py:190} INFO - [2025-04-16T18:08:36.017+0000] {dag.py:4156} INFO - Setting next_dagrun for Medium_to_Pinecone to 2025-04-10 00:00:00+00:00, run_after=2025-04-17 00:00:00+00:00
[2025-04-16T18:08:36.040+0000] {processor.py:208} INFO - Processing /opt/airflow/dags/HW8_Pinecone.py took 5.433 seconds
[2025-04-16T18:09:06.377+0000] {processor.py:186} INFO - Started process (PID=731) to work on /opt/airflow/dags/HW8_Pinecone.py
[2025-04-16T18:09:06.379+0000] {processor.py:914} INFO - Processing file /opt/airflow/dags/HW8_Pinecone.py for tasks to queue
[2025-04-16T18:09:06.380+0000] {logging_mixin.py:190} INFO - [2025-04-16T18:09:06.380+0000] {dagbag.py:587} INFO - Filling up the DagBag from /opt/airflow/dags/HW8_Pinecone.py
[2025-04-16T18:09:12.949+0000] {logging_mixin.py:190} INFO - {{ task_instance.xcom_pull(task_ids='preprocess_data', dag_id='Medium_to_Pinecone', key='return_value') }}
[2025-04-16T18:09:12.953+0000] {processor.py:925} INFO - DAG(s) 'Medium_to_Pinecone' retrieved from /opt/airflow/dags/HW8_Pinecone.py
[2025-04-16T18:09:12.984+0000] {logging_mixin.py:190} INFO - [2025-04-16T18:09:12.983+0000] {dag.py:3229} INFO - Sync 1 DAGs
[2025-04-16T18:09:13.012+0000] {logging_mixin.py:190} INFO - [2025-04-16T18:09:13.012+0000] {dag.py:4156} INFO - Setting next_dagrun for Medium_to_Pinecone to 2025-04-10 00:00:00+00:00, run_after=2025-04-17 00:00:00+00:00
[2025-04-16T18:09:13.036+0000] {processor.py:208} INFO - Processing /opt/airflow/dags/HW8_Pinecone.py took 6.666 seconds
[2025-04-16T18:09:43.494+0000] {processor.py:186} INFO - Started process (PID=750) to work on /opt/airflow/dags/HW8_Pinecone.py
[2025-04-16T18:09:43.495+0000] {processor.py:914} INFO - Processing file /opt/airflow/dags/HW8_Pinecone.py for tasks to queue
[2025-04-16T18:09:43.498+0000] {logging_mixin.py:190} INFO - [2025-04-16T18:09:43.497+0000] {dagbag.py:587} INFO - Filling up the DagBag from /opt/airflow/dags/HW8_Pinecone.py
[2025-04-16T18:10:15.719+0000] {processor.py:186} INFO - Started process (PID=208) to work on /opt/airflow/dags/HW8_Pinecone.py
[2025-04-16T18:10:15.729+0000] {processor.py:914} INFO - Processing file /opt/airflow/dags/HW8_Pinecone.py for tasks to queue
[2025-04-16T18:10:15.764+0000] {logging_mixin.py:190} INFO - [2025-04-16T18:10:15.761+0000] {dagbag.py:587} INFO - Filling up the DagBag from /opt/airflow/dags/HW8_Pinecone.py
[2025-04-16T18:10:42.070+0000] {logging_mixin.py:190} INFO - {{ task_instance.xcom_pull(task_ids='preprocess_data', dag_id='Medium_to_Pinecone', key='return_value') }}
[2025-04-16T18:10:42.077+0000] {processor.py:925} INFO - DAG(s) 'Medium_to_Pinecone' retrieved from /opt/airflow/dags/HW8_Pinecone.py
[2025-04-16T18:10:42.167+0000] {logging_mixin.py:190} INFO - [2025-04-16T18:10:42.166+0000] {dag.py:3229} INFO - Sync 1 DAGs
[2025-04-16T18:10:42.242+0000] {logging_mixin.py:190} INFO - [2025-04-16T18:10:42.241+0000] {dag.py:4156} INFO - Setting next_dagrun for Medium_to_Pinecone to 2025-04-10 00:00:00+00:00, run_after=2025-04-17 00:00:00+00:00
[2025-04-16T18:10:42.293+0000] {processor.py:208} INFO - Processing /opt/airflow/dags/HW8_Pinecone.py took 26.776 seconds
[2025-04-16T18:11:12.808+0000] {processor.py:186} INFO - Started process (PID=259) to work on /opt/airflow/dags/HW8_Pinecone.py
[2025-04-16T18:11:12.812+0000] {processor.py:914} INFO - Processing file /opt/airflow/dags/HW8_Pinecone.py for tasks to queue
[2025-04-16T18:11:12.847+0000] {logging_mixin.py:190} INFO - [2025-04-16T18:11:12.842+0000] {dagbag.py:587} INFO - Filling up the DagBag from /opt/airflow/dags/HW8_Pinecone.py
[2025-04-16T18:11:42.751+0000] {logging_mixin.py:190} INFO - [2025-04-16T18:11:42.750+0000] {timeout.py:68} ERROR - Process timed out, PID: 259
[2025-04-16T18:12:13.306+0000] {processor.py:186} INFO - Started process (PID=284) to work on /opt/airflow/dags/HW8_Pinecone.py
[2025-04-16T18:12:13.308+0000] {processor.py:914} INFO - Processing file /opt/airflow/dags/HW8_Pinecone.py for tasks to queue
[2025-04-16T18:12:13.310+0000] {logging_mixin.py:190} INFO - [2025-04-16T18:12:13.310+0000] {dagbag.py:587} INFO - Filling up the DagBag from /opt/airflow/dags/HW8_Pinecone.py
[2025-04-16T18:12:20.811+0000] {logging_mixin.py:190} INFO - {{ task_instance.xcom_pull(task_ids='preprocess_data', dag_id='Medium_to_Pinecone', key='return_value') }}
[2025-04-16T18:12:20.819+0000] {processor.py:925} INFO - DAG(s) 'Medium_to_Pinecone' retrieved from /opt/airflow/dags/HW8_Pinecone.py
[2025-04-16T18:12:21.036+0000] {logging_mixin.py:190} INFO - [2025-04-16T18:12:21.036+0000] {dag.py:3229} INFO - Sync 1 DAGs
[2025-04-16T18:12:21.068+0000] {logging_mixin.py:190} INFO - [2025-04-16T18:12:21.067+0000] {dag.py:4156} INFO - Setting next_dagrun for Medium_to_Pinecone to 2025-04-10 00:00:00+00:00, run_after=2025-04-17 00:00:00+00:00
[2025-04-16T18:12:21.094+0000] {processor.py:208} INFO - Processing /opt/airflow/dags/HW8_Pinecone.py took 7.796 seconds
[2025-04-16T18:12:51.532+0000] {processor.py:186} INFO - Started process (PID=303) to work on /opt/airflow/dags/HW8_Pinecone.py
[2025-04-16T18:12:51.536+0000] {processor.py:914} INFO - Processing file /opt/airflow/dags/HW8_Pinecone.py for tasks to queue
[2025-04-16T18:12:51.542+0000] {logging_mixin.py:190} INFO - [2025-04-16T18:12:51.541+0000] {dagbag.py:587} INFO - Filling up the DagBag from /opt/airflow/dags/HW8_Pinecone.py
[2025-04-16T18:13:05.222+0000] {logging_mixin.py:190} INFO - {{ task_instance.xcom_pull(task_ids='preprocess_data', dag_id='Medium_to_Pinecone', key='return_value') }}
[2025-04-16T18:13:05.266+0000] {processor.py:925} INFO - DAG(s) 'Medium_to_Pinecone' retrieved from /opt/airflow/dags/HW8_Pinecone.py
[2025-04-16T18:13:05.464+0000] {logging_mixin.py:190} INFO - [2025-04-16T18:13:05.463+0000] {dag.py:3229} INFO - Sync 1 DAGs
[2025-04-16T18:13:05.532+0000] {logging_mixin.py:190} INFO - [2025-04-16T18:13:05.532+0000] {dag.py:4156} INFO - Setting next_dagrun for Medium_to_Pinecone to 2025-04-10 00:00:00+00:00, run_after=2025-04-17 00:00:00+00:00
[2025-04-16T18:13:05.571+0000] {processor.py:208} INFO - Processing /opt/airflow/dags/HW8_Pinecone.py took 14.194 seconds
[2025-04-16T18:13:35.947+0000] {processor.py:186} INFO - Started process (PID=329) to work on /opt/airflow/dags/HW8_Pinecone.py
[2025-04-16T18:13:35.948+0000] {processor.py:914} INFO - Processing file /opt/airflow/dags/HW8_Pinecone.py for tasks to queue
[2025-04-16T18:13:35.952+0000] {logging_mixin.py:190} INFO - [2025-04-16T18:13:35.951+0000] {dagbag.py:587} INFO - Filling up the DagBag from /opt/airflow/dags/HW8_Pinecone.py
[2025-04-16T18:13:45.781+0000] {logging_mixin.py:190} INFO - {{ task_instance.xcom_pull(task_ids='preprocess_data', dag_id='Medium_to_Pinecone', key='return_value') }}
[2025-04-16T18:13:45.802+0000] {processor.py:925} INFO - DAG(s) 'Medium_to_Pinecone' retrieved from /opt/airflow/dags/HW8_Pinecone.py
[2025-04-16T18:13:45.970+0000] {logging_mixin.py:190} INFO - [2025-04-16T18:13:45.965+0000] {dag.py:3229} INFO - Sync 1 DAGs
[2025-04-16T18:13:46.102+0000] {logging_mixin.py:190} INFO - [2025-04-16T18:13:46.102+0000] {dag.py:4156} INFO - Setting next_dagrun for Medium_to_Pinecone to 2025-04-10 00:00:00+00:00, run_after=2025-04-17 00:00:00+00:00
[2025-04-16T18:13:46.174+0000] {processor.py:208} INFO - Processing /opt/airflow/dags/HW8_Pinecone.py took 10.239 seconds
[2025-04-16T18:14:17.159+0000] {processor.py:186} INFO - Started process (PID=348) to work on /opt/airflow/dags/HW8_Pinecone.py
[2025-04-16T18:14:17.638+0000] {processor.py:914} INFO - Processing file /opt/airflow/dags/HW8_Pinecone.py for tasks to queue
[2025-04-16T18:14:18.297+0000] {logging_mixin.py:190} INFO - [2025-04-16T18:14:18.059+0000] {dagbag.py:587} INFO - Filling up the DagBag from /opt/airflow/dags/HW8_Pinecone.py
[2025-04-16T18:14:29.091+0000] {logging_mixin.py:190} INFO - {{ task_instance.xcom_pull(task_ids='preprocess_data', dag_id='Medium_to_Pinecone', key='return_value') }}
[2025-04-16T18:14:29.097+0000] {processor.py:925} INFO - DAG(s) 'Medium_to_Pinecone' retrieved from /opt/airflow/dags/HW8_Pinecone.py
[2025-04-16T18:14:29.141+0000] {logging_mixin.py:190} INFO - [2025-04-16T18:14:29.140+0000] {dag.py:3229} INFO - Sync 1 DAGs
[2025-04-16T18:14:29.176+0000] {logging_mixin.py:190} INFO - [2025-04-16T18:14:29.176+0000] {dag.py:4156} INFO - Setting next_dagrun for Medium_to_Pinecone to 2025-04-10 00:00:00+00:00, run_after=2025-04-17 00:00:00+00:00
[2025-04-16T18:14:29.211+0000] {processor.py:208} INFO - Processing /opt/airflow/dags/HW8_Pinecone.py took 12.726 seconds
[2025-04-16T18:14:59.449+0000] {processor.py:186} INFO - Started process (PID=373) to work on /opt/airflow/dags/HW8_Pinecone.py
[2025-04-16T18:14:59.450+0000] {processor.py:914} INFO - Processing file /opt/airflow/dags/HW8_Pinecone.py for tasks to queue
[2025-04-16T18:14:59.453+0000] {logging_mixin.py:190} INFO - [2025-04-16T18:14:59.452+0000] {dagbag.py:587} INFO - Filling up the DagBag from /opt/airflow/dags/HW8_Pinecone.py
[2025-04-16T18:15:08.953+0000] {logging_mixin.py:190} INFO - {{ task_instance.xcom_pull(task_ids='preprocess_data', dag_id='Medium_to_Pinecone', key='return_value') }}
[2025-04-16T18:15:08.962+0000] {processor.py:925} INFO - DAG(s) 'Medium_to_Pinecone' retrieved from /opt/airflow/dags/HW8_Pinecone.py
[2025-04-16T18:15:09.096+0000] {logging_mixin.py:190} INFO - [2025-04-16T18:15:09.094+0000] {dag.py:3229} INFO - Sync 1 DAGs
[2025-04-16T18:15:09.226+0000] {logging_mixin.py:190} INFO - [2025-04-16T18:15:09.225+0000] {dag.py:4156} INFO - Setting next_dagrun for Medium_to_Pinecone to 2025-04-10 00:00:00+00:00, run_after=2025-04-17 00:00:00+00:00
[2025-04-16T18:15:09.267+0000] {processor.py:208} INFO - Processing /opt/airflow/dags/HW8_Pinecone.py took 9.956 seconds
[2025-04-16T18:15:39.672+0000] {processor.py:186} INFO - Started process (PID=392) to work on /opt/airflow/dags/HW8_Pinecone.py
[2025-04-16T18:15:39.674+0000] {processor.py:914} INFO - Processing file /opt/airflow/dags/HW8_Pinecone.py for tasks to queue
[2025-04-16T18:15:39.676+0000] {logging_mixin.py:190} INFO - [2025-04-16T18:15:39.676+0000] {dagbag.py:587} INFO - Filling up the DagBag from /opt/airflow/dags/HW8_Pinecone.py
[2025-04-16T18:15:46.230+0000] {logging_mixin.py:190} INFO - {{ task_instance.xcom_pull(task_ids='preprocess_data', dag_id='Medium_to_Pinecone', key='return_value') }}
[2025-04-16T18:15:46.236+0000] {processor.py:925} INFO - DAG(s) 'Medium_to_Pinecone' retrieved from /opt/airflow/dags/HW8_Pinecone.py
[2025-04-16T18:15:46.315+0000] {logging_mixin.py:190} INFO - [2025-04-16T18:15:46.315+0000] {dag.py:3229} INFO - Sync 1 DAGs
[2025-04-16T18:15:46.350+0000] {logging_mixin.py:190} INFO - [2025-04-16T18:15:46.350+0000] {dag.py:4156} INFO - Setting next_dagrun for Medium_to_Pinecone to 2025-04-10 00:00:00+00:00, run_after=2025-04-17 00:00:00+00:00
[2025-04-16T18:15:46.381+0000] {processor.py:208} INFO - Processing /opt/airflow/dags/HW8_Pinecone.py took 6.716 seconds
[2025-04-16T18:16:16.892+0000] {processor.py:186} INFO - Started process (PID=411) to work on /opt/airflow/dags/HW8_Pinecone.py
[2025-04-16T18:16:16.894+0000] {processor.py:914} INFO - Processing file /opt/airflow/dags/HW8_Pinecone.py for tasks to queue
[2025-04-16T18:16:16.901+0000] {logging_mixin.py:190} INFO - [2025-04-16T18:16:16.897+0000] {dagbag.py:587} INFO - Filling up the DagBag from /opt/airflow/dags/HW8_Pinecone.py
[2025-04-16T18:16:30.528+0000] {logging_mixin.py:190} INFO - {{ task_instance.xcom_pull(task_ids='preprocess_data', dag_id='Medium_to_Pinecone', key='return_value') }}
[2025-04-16T18:16:30.535+0000] {processor.py:925} INFO - DAG(s) 'Medium_to_Pinecone' retrieved from /opt/airflow/dags/HW8_Pinecone.py
[2025-04-16T18:16:30.596+0000] {logging_mixin.py:190} INFO - [2025-04-16T18:16:30.595+0000] {dag.py:3229} INFO - Sync 1 DAGs
[2025-04-16T18:16:30.670+0000] {logging_mixin.py:190} INFO - [2025-04-16T18:16:30.670+0000] {dag.py:4156} INFO - Setting next_dagrun for Medium_to_Pinecone to 2025-04-10 00:00:00+00:00, run_after=2025-04-17 00:00:00+00:00
[2025-04-16T18:16:30.748+0000] {processor.py:208} INFO - Processing /opt/airflow/dags/HW8_Pinecone.py took 13.880 seconds
[2025-04-16T18:17:01.302+0000] {processor.py:186} INFO - Started process (PID=436) to work on /opt/airflow/dags/HW8_Pinecone.py
[2025-04-16T18:17:01.304+0000] {processor.py:914} INFO - Processing file /opt/airflow/dags/HW8_Pinecone.py for tasks to queue
[2025-04-16T18:17:01.306+0000] {logging_mixin.py:190} INFO - [2025-04-16T18:17:01.305+0000] {dagbag.py:587} INFO - Filling up the DagBag from /opt/airflow/dags/HW8_Pinecone.py
[2025-04-16T18:17:13.897+0000] {logging_mixin.py:190} INFO - {{ task_instance.xcom_pull(task_ids='preprocess_data', dag_id='Medium_to_Pinecone', key='return_value') }}
[2025-04-16T18:17:13.917+0000] {processor.py:925} INFO - DAG(s) 'Medium_to_Pinecone' retrieved from /opt/airflow/dags/HW8_Pinecone.py
[2025-04-16T18:17:14.087+0000] {logging_mixin.py:190} INFO - [2025-04-16T18:17:14.087+0000] {dag.py:3229} INFO - Sync 1 DAGs
[2025-04-16T18:17:14.216+0000] {logging_mixin.py:190} INFO - [2025-04-16T18:17:14.215+0000] {dag.py:4156} INFO - Setting next_dagrun for Medium_to_Pinecone to 2025-04-10 00:00:00+00:00, run_after=2025-04-17 00:00:00+00:00
[2025-04-16T18:17:14.295+0000] {processor.py:208} INFO - Processing /opt/airflow/dags/HW8_Pinecone.py took 13.136 seconds
[2025-04-16T18:17:44.604+0000] {processor.py:186} INFO - Started process (PID=455) to work on /opt/airflow/dags/HW8_Pinecone.py
[2025-04-16T18:17:44.605+0000] {processor.py:914} INFO - Processing file /opt/airflow/dags/HW8_Pinecone.py for tasks to queue
[2025-04-16T18:17:44.607+0000] {logging_mixin.py:190} INFO - [2025-04-16T18:17:44.607+0000] {dagbag.py:587} INFO - Filling up the DagBag from /opt/airflow/dags/HW8_Pinecone.py
[2025-04-16T18:17:51.217+0000] {logging_mixin.py:190} INFO - {{ task_instance.xcom_pull(task_ids='preprocess_data', dag_id='Medium_to_Pinecone', key='return_value') }}
[2025-04-16T18:17:51.224+0000] {processor.py:925} INFO - DAG(s) 'Medium_to_Pinecone' retrieved from /opt/airflow/dags/HW8_Pinecone.py
[2025-04-16T18:17:51.297+0000] {logging_mixin.py:190} INFO - [2025-04-16T18:17:51.297+0000] {dag.py:3229} INFO - Sync 1 DAGs
[2025-04-16T18:17:51.341+0000] {logging_mixin.py:190} INFO - [2025-04-16T18:17:51.340+0000] {dag.py:4156} INFO - Setting next_dagrun for Medium_to_Pinecone to 2025-04-10 00:00:00+00:00, run_after=2025-04-17 00:00:00+00:00
[2025-04-16T18:17:51.450+0000] {processor.py:208} INFO - Processing /opt/airflow/dags/HW8_Pinecone.py took 6.853 seconds
[2025-04-16T18:18:21.875+0000] {processor.py:186} INFO - Started process (PID=474) to work on /opt/airflow/dags/HW8_Pinecone.py
[2025-04-16T18:18:21.877+0000] {processor.py:914} INFO - Processing file /opt/airflow/dags/HW8_Pinecone.py for tasks to queue
[2025-04-16T18:18:21.880+0000] {logging_mixin.py:190} INFO - [2025-04-16T18:18:21.879+0000] {dagbag.py:587} INFO - Filling up the DagBag from /opt/airflow/dags/HW8_Pinecone.py
[2025-04-16T18:18:28.276+0000] {logging_mixin.py:190} INFO - {{ task_instance.xcom_pull(task_ids='preprocess_data', dag_id='Medium_to_Pinecone', key='return_value') }}
[2025-04-16T18:18:28.280+0000] {processor.py:925} INFO - DAG(s) 'Medium_to_Pinecone' retrieved from /opt/airflow/dags/HW8_Pinecone.py
[2025-04-16T18:18:28.311+0000] {logging_mixin.py:190} INFO - [2025-04-16T18:18:28.310+0000] {dag.py:3229} INFO - Sync 1 DAGs
[2025-04-16T18:18:28.354+0000] {logging_mixin.py:190} INFO - [2025-04-16T18:18:28.354+0000] {dag.py:4156} INFO - Setting next_dagrun for Medium_to_Pinecone to 2025-04-10 00:00:00+00:00, run_after=2025-04-17 00:00:00+00:00
[2025-04-16T18:18:28.394+0000] {processor.py:208} INFO - Processing /opt/airflow/dags/HW8_Pinecone.py took 6.527 seconds
[2025-04-16T18:18:58.830+0000] {processor.py:186} INFO - Started process (PID=500) to work on /opt/airflow/dags/HW8_Pinecone.py
[2025-04-16T18:18:58.835+0000] {processor.py:914} INFO - Processing file /opt/airflow/dags/HW8_Pinecone.py for tasks to queue
[2025-04-16T18:18:58.837+0000] {logging_mixin.py:190} INFO - [2025-04-16T18:18:58.837+0000] {dagbag.py:587} INFO - Filling up the DagBag from /opt/airflow/dags/HW8_Pinecone.py
[2025-04-16T18:19:04.296+0000] {logging_mixin.py:190} INFO - {{ task_instance.xcom_pull(task_ids='preprocess_data', dag_id='Medium_to_Pinecone', key='return_value') }}
[2025-04-16T18:19:04.300+0000] {processor.py:925} INFO - DAG(s) 'Medium_to_Pinecone' retrieved from /opt/airflow/dags/HW8_Pinecone.py
[2025-04-16T18:19:04.327+0000] {logging_mixin.py:190} INFO - [2025-04-16T18:19:04.327+0000] {dag.py:3229} INFO - Sync 1 DAGs
[2025-04-16T18:19:04.352+0000] {logging_mixin.py:190} INFO - [2025-04-16T18:19:04.352+0000] {dag.py:4156} INFO - Setting next_dagrun for Medium_to_Pinecone to 2025-04-10 00:00:00+00:00, run_after=2025-04-17 00:00:00+00:00
[2025-04-16T18:19:04.377+0000] {processor.py:208} INFO - Processing /opt/airflow/dags/HW8_Pinecone.py took 5.712 seconds
[2025-04-16T18:19:34.505+0000] {processor.py:186} INFO - Started process (PID=519) to work on /opt/airflow/dags/HW8_Pinecone.py
[2025-04-16T18:19:34.506+0000] {processor.py:914} INFO - Processing file /opt/airflow/dags/HW8_Pinecone.py for tasks to queue
[2025-04-16T18:19:34.509+0000] {logging_mixin.py:190} INFO - [2025-04-16T18:19:34.508+0000] {dagbag.py:587} INFO - Filling up the DagBag from /opt/airflow/dags/HW8_Pinecone.py
[2025-04-16T18:19:42.356+0000] {logging_mixin.py:190} INFO - {{ task_instance.xcom_pull(task_ids='preprocess_data', dag_id='Medium_to_Pinecone', key='return_value') }}
[2025-04-16T18:19:42.361+0000] {processor.py:925} INFO - DAG(s) 'Medium_to_Pinecone' retrieved from /opt/airflow/dags/HW8_Pinecone.py
[2025-04-16T18:19:42.388+0000] {logging_mixin.py:190} INFO - [2025-04-16T18:19:42.388+0000] {dag.py:3229} INFO - Sync 1 DAGs
[2025-04-16T18:19:42.415+0000] {logging_mixin.py:190} INFO - [2025-04-16T18:19:42.414+0000] {dag.py:4156} INFO - Setting next_dagrun for Medium_to_Pinecone to 2025-04-10 00:00:00+00:00, run_after=2025-04-17 00:00:00+00:00
[2025-04-16T18:19:42.434+0000] {processor.py:208} INFO - Processing /opt/airflow/dags/HW8_Pinecone.py took 7.945 seconds
[2025-04-16T18:20:12.793+0000] {processor.py:186} INFO - Started process (PID=538) to work on /opt/airflow/dags/HW8_Pinecone.py
[2025-04-16T18:20:12.794+0000] {processor.py:914} INFO - Processing file /opt/airflow/dags/HW8_Pinecone.py for tasks to queue
[2025-04-16T18:20:12.796+0000] {logging_mixin.py:190} INFO - [2025-04-16T18:20:12.795+0000] {dagbag.py:587} INFO - Filling up the DagBag from /opt/airflow/dags/HW8_Pinecone.py
[2025-04-16T18:20:18.462+0000] {logging_mixin.py:190} INFO - {{ task_instance.xcom_pull(task_ids='preprocess_data', dag_id='Medium_to_Pinecone', key='return_value') }}
[2025-04-16T18:20:18.466+0000] {processor.py:925} INFO - DAG(s) 'Medium_to_Pinecone' retrieved from /opt/airflow/dags/HW8_Pinecone.py
[2025-04-16T18:20:18.494+0000] {logging_mixin.py:190} INFO - [2025-04-16T18:20:18.493+0000] {dag.py:3229} INFO - Sync 1 DAGs
[2025-04-16T18:20:18.520+0000] {logging_mixin.py:190} INFO - [2025-04-16T18:20:18.519+0000] {dag.py:4156} INFO - Setting next_dagrun for Medium_to_Pinecone to 2025-04-10 00:00:00+00:00, run_after=2025-04-17 00:00:00+00:00
[2025-04-16T18:20:18.542+0000] {processor.py:208} INFO - Processing /opt/airflow/dags/HW8_Pinecone.py took 5.758 seconds
[2025-04-16T18:20:48.924+0000] {processor.py:186} INFO - Started process (PID=557) to work on /opt/airflow/dags/HW8_Pinecone.py
[2025-04-16T18:20:48.926+0000] {processor.py:914} INFO - Processing file /opt/airflow/dags/HW8_Pinecone.py for tasks to queue
[2025-04-16T18:20:48.928+0000] {logging_mixin.py:190} INFO - [2025-04-16T18:20:48.927+0000] {dagbag.py:587} INFO - Filling up the DagBag from /opt/airflow/dags/HW8_Pinecone.py
[2025-04-16T18:20:55.114+0000] {logging_mixin.py:190} INFO - {{ task_instance.xcom_pull(task_ids='preprocess_data', dag_id='Medium_to_Pinecone', key='return_value') }}
[2025-04-16T18:20:55.122+0000] {processor.py:925} INFO - DAG(s) 'Medium_to_Pinecone' retrieved from /opt/airflow/dags/HW8_Pinecone.py
[2025-04-16T18:20:55.176+0000] {logging_mixin.py:190} INFO - [2025-04-16T18:20:55.176+0000] {dag.py:3229} INFO - Sync 1 DAGs
[2025-04-16T18:20:55.203+0000] {logging_mixin.py:190} INFO - [2025-04-16T18:20:55.203+0000] {dag.py:4156} INFO - Setting next_dagrun for Medium_to_Pinecone to 2025-04-10 00:00:00+00:00, run_after=2025-04-17 00:00:00+00:00
[2025-04-16T18:20:55.226+0000] {processor.py:208} INFO - Processing /opt/airflow/dags/HW8_Pinecone.py took 6.310 seconds
[2025-04-16T18:21:25.720+0000] {processor.py:186} INFO - Started process (PID=582) to work on /opt/airflow/dags/HW8_Pinecone.py
[2025-04-16T18:21:25.742+0000] {processor.py:914} INFO - Processing file /opt/airflow/dags/HW8_Pinecone.py for tasks to queue
[2025-04-16T18:21:25.745+0000] {logging_mixin.py:190} INFO - [2025-04-16T18:21:25.744+0000] {dagbag.py:587} INFO - Filling up the DagBag from /opt/airflow/dags/HW8_Pinecone.py
